<?xml version="1.0" encoding="UTF-8"?>
<testng-results skipped="0" failed="0" total="1" passed="1">
  <reporter-output>
  </reporter-output>
  <suite name="Default suite" duration-ms="78569" started-at="2019-01-30T12:30:47Z" finished-at="2019-01-30T12:32:06Z">
    <groups>
    </groups>
    <test name="Default test" duration-ms="78569" started-at="2019-01-30T12:30:47Z" finished-at="2019-01-30T12:32:06Z">
      <class name="com.test.MyTest">
        <test-method status="PASS" signature="setup()[pri:0, instance:com.test.MyTest@71423665]" name="setup" is-config="true" duration-ms="4030" started-at="2019-01-30T18:00:43Z" finished-at="2019-01-30T18:00:47Z">
          <reporter-output>
          </reporter-output>
        </test-method> <!-- setup -->
        <test-method status="PASS" signature="testcase()[pri:0, instance:com.test.MyTest@71423665]" name="testcase" duration-ms="78550" started-at="2019-01-30T18:00:47Z" finished-at="2019-01-30T18:02:06Z">
          <reporter-output>
          </reporter-output>
        </test-method> <!-- testcase -->
      </class> <!-- com.test.MyTest -->
    </test> <!-- Default test -->
  </suite> <!-- Default suite -->
</testng-results>
